# JRE version: OpenJDK Runtime Environment Microsoft-8035246 (17.0.8+7) (build 17.0.8+7-LTS)
# Java VM: OpenJDK 64-Bit Server VM Microsoft-8035246 (17.0.8+7-LTS, mixed mode, sharing, tiered, compressed oops, compressed class ptrs, g1 gc, windows-amd64)
GC Precious Log:
 CPUs: 8 total, 8 available
 Memory: 16122M
 Large Page Support: Disabled
 NUMA Support: Disabled
 Compressed Oops: Enabled (32-bit)
 Heap Region Size: 1M
 Heap Min Capacity: 8M
 Heap Initial Capacity: 252M
 Heap Max Capacity: 2G
 Pre-touch: Disabled
 Parallel Workers: 8
 Concurrent Workers: 2
 Concurrent Refinement Workers: 8
 Periodic GC: Disabled
Heap:
 garbage-first heap   total 345088K, used 268288K [0x0000000080000000, 0x0000000100000000)
  region size 1024K, 58 young (59392K), 4 survivors (4096K)
 Metaspace       used 109052K, committed 110208K, reserved 557056K
  class space    used 15053K, committed 15616K, reserved 425984K
GC Heap History (20 events):
Event: 23.150 GC heap before
{Heap before GC invocations=53 (full 0):
 garbage-first heap   total 250880K, used 203433K [0x0000000080000000, 0x0000000100000000)
  region size 1024K, 60 young (61440K), 9 survivors (9216K)
 Metaspace       used 96856K, committed 97856K, reserved 557056K
  class space    used 13565K, committed 14016K, reserved 425984K
}
Event: 23.160 GC heap after
{Heap after GC invocations=54 (full 0):
 garbage-first heap   total 250880K, used 162816K [0x0000000080000000, 0x0000000100000000)
  region size 1024K, 8 young (8192K), 8 survivors (8192K)
 Metaspace       used 96856K, committed 97856K, reserved 557056K
  class space    used 13565K, committed 14016K, reserved 425984K
}
Event: 23.668 GC heap before
{Heap before GC invocations=54 (full 0):
 garbage-first heap   total 250880K, used 204800K [0x0000000080000000, 0x0000000100000000)
  region size 1024K, 49 young (50176K), 8 survivors (8192K)
 Metaspace       used 101001K, committed 102080K, reserved 557056K
  class space    used 14134K, committed 14656K, reserved 425984K
}
Event: 23.675 GC heap after
{Heap after GC invocations=55 (full 0):
 garbage-first heap   total 250880K, used 166789K [0x0000000080000000, 0x0000000100000000)
  region size 1024K, 3 young (3072K), 3 survivors (3072K)
 Metaspace       used 101001K, committed 102080K, reserved 557056K
  class space    used 14134K, committed 14656K, reserved 425984K
}
Event: 24.144 GC heap before
{Heap before GC invocations=55 (full 0):
 garbage-first heap   total 250880K, used 207749K [0x0000000080000000, 0x0000000100000000)
  region size 1024K, 43 young (44032K), 3 survivors (3072K)
 Metaspace       used 101753K, committed 102784K, reserved 557056K
  class space    used 14210K, committed 14720K, reserved 425984K
}
Event: 24.154 GC heap after
{Heap after GC invocations=56 (full 0):
 garbage-first heap   total 250880K, used 172660K [0x0000000080000000, 0x0000000100000000)
  region size 1024K, 6 young (6144K), 6 survivors (6144K)
 Metaspace       used 101753K, committed 102784K, reserved 557056K
  class space    used 14210K, committed 14720K, reserved 425984K
}
Event: 24.435 GC heap before
{Heap before GC invocations=56 (full 0):
 garbage-first heap   total 250880K, used 209524K [0x0000000080000000, 0x0000000100000000)
  region size 1024K, 42 young (43008K), 6 survivors (6144K)
 Metaspace       used 102018K, committed 103104K, reserved 557056K
  class space    used 14225K, committed 14720K, reserved 425984K
}
Event: 24.444 GC heap after
{Heap after GC invocations=57 (full 0):
 garbage-first heap   total 250880K, used 177577K [0x0000000080000000, 0x0000000100000000)
  region size 1024K, 5 young (5120K), 5 survivors (5120K)
 Metaspace       used 102018K, committed 103104K, reserved 557056K
  class space    used 14225K, committed 14720K, reserved 425984K
}
Event: 24.811 GC heap before
{Heap before GC invocations=57 (full 0):
 garbage-first heap   total 250880K, used 215465K [0x0000000080000000, 0x0000000100000000)
  region size 1024K, 38 young (38912K), 5 survivors (5120K)
 Metaspace       used 104035K, committed 105152K, reserved 557056K
  class space    used 14406K, committed 14912K, reserved 425984K
}
Event: 24.819 GC heap after
{Heap after GC invocations=58 (full 0):
 garbage-first heap   total 345088K, used 182744K [0x0000000080000000, 0x0000000100000000)
  region size 1024K, 5 young (5120K), 5 survivors (5120K)
 Metaspace       used 104035K, committed 105152K, reserved 557056K
  class space    used 14406K, committed 14912K, reserved 425984K
}
Event: 25.531 GC heap before
{Heap before GC invocations=58 (full 0):
 garbage-first heap   total 345088K, used 268760K [0x0000000080000000, 0x0000000100000000)
  region size 1024K, 89 young (91136K), 5 survivors (5120K)
 Metaspace       used 105317K, committed 106432K, reserved 557056K
  class space    used 14626K, committed 15168K, reserved 425984K
}
Event: 25.542 GC heap after
{Heap after GC invocations=59 (full 0):
 garbage-first heap   total 345088K, used 188906K [0x0000000080000000, 0x0000000100000000)
  region size 1024K, 11 young (11264K), 11 survivors (11264K)
 Metaspace       used 105317K, committed 106432K, reserved 557056K
  class space    used 14626K, committed 15168K, reserved 425984K
}
Event: 26.430 GC heap before
{Heap before GC invocations=59 (full 0):
 garbage-first heap   total 345088K, used 281066K [0x0000000080000000, 0x0000000100000000)
  region size 1024K, 94 young (96256K), 11 survivors (11264K)
 Metaspace       used 105484K, committed 106624K, reserved 557056K
  class space    used 14630K, committed 15168K, reserved 425984K
}
Event: 26.443 GC heap after
{Heap after GC invocations=60 (full 0):
 garbage-first heap   total 345088K, used 195188K [0x0000000080000000, 0x0000000100000000)
  region size 1024K, 7 young (7168K), 7 survivors (7168K)
 Metaspace       used 105484K, committed 106624K, reserved 557056K
  class space    used 14630K, committed 15168K, reserved 425984K
}
Event: 27.219 GC heap before
{Heap before GC invocations=60 (full 0):
 garbage-first heap   total 345088K, used 294516K [0x0000000080000000, 0x0000000100000000)
  region size 1024K, 89 young (91136K), 7 survivors (7168K)
 Metaspace       used 105751K, committed 106880K, reserved 557056K
  class space    used 14651K, committed 15168K, reserved 425984K
}
Event: 27.228 GC heap after
{Heap after GC invocations=61 (full 0):
 garbage-first heap   total 345088K, used 200901K [0x0000000080000000, 0x0000000100000000)
  region size 1024K, 12 young (12288K), 12 survivors (12288K)
 Metaspace       used 105751K, committed 106880K, reserved 557056K
  class space    used 14651K, committed 15168K, reserved 425984K
}
Event: 27.942 GC heap before
{Heap before GC invocations=61 (full 0):
 garbage-first heap   total 345088K, used 289989K [0x0000000080000000, 0x0000000100000000)
  region size 1024K, 92 young (94208K), 12 survivors (12288K)
 Metaspace       used 106075K, committed 107200K, reserved 557056K
  class space    used 14688K, committed 15232K, reserved 425984K
}
Event: 27.953 GC heap after
{Heap after GC invocations=62 (full 0):
 garbage-first heap   total 345088K, used 207094K [0x0000000080000000, 0x0000000100000000)
  region size 1024K, 7 young (7168K), 7 survivors (7168K)
 Metaspace       used 106075K, committed 107200K, reserved 557056K
  class space    used 14688K, committed 15232K, reserved 425984K
}
Event: 28.349 GC heap before
{Heap before GC invocations=62 (full 0):
 garbage-first heap   total 345088K, used 289014K [0x0000000080000000, 0x0000000100000000)
  region size 1024K, 84 young (86016K), 7 survivors (7168K)
 Metaspace       used 106137K, committed 107264K, reserved 557056K
  class space    used 14689K, committed 15232K, reserved 425984K
}
Event: 28.357 GC heap after
{Heap after GC invocations=63 (full 0):
 garbage-first heap   total 345088K, used 210944K [0x0000000080000000, 0x0000000100000000)
  region size 1024K, 4 young (4096K), 4 survivors (4096K)
 Metaspace       used 106137K, committed 107264K, reserved 557056K
  class space    used 14689K, committed 15232K, reserved 425984K
}

